
Running Unittests with QA mode...
mkdir: cannot create directory 'build': File exists
removed 'build/CMakeCache.txt'
removed directory 'build/CMakeFiles/3.16.3/CompilerIdC/tmp'
removed 'build/CMakeFiles/3.16.3/CompilerIdC/CMakeCCompilerId.c'
removed 'build/CMakeFiles/3.16.3/CompilerIdC/a.out'
removed directory 'build/CMakeFiles/3.16.3/CompilerIdC'
removed 'build/CMakeFiles/3.16.3/CMakeSystem.cmake'
removed 'build/CMakeFiles/3.16.3/CMakeCXXCompiler.cmake'
removed 'build/CMakeFiles/3.16.3/CMakeDetermineCompilerABI_CXX.bin'
removed 'build/CMakeFiles/3.16.3/CMakeDetermineCompilerABI_C.bin'
removed directory 'build/CMakeFiles/3.16.3/CompilerIdCXX/tmp'
removed 'build/CMakeFiles/3.16.3/CompilerIdCXX/CMakeCXXCompilerId.cpp'
removed 'build/CMakeFiles/3.16.3/CompilerIdCXX/a.out'
removed directory 'build/CMakeFiles/3.16.3/CompilerIdCXX'
removed 'build/CMakeFiles/3.16.3/CMakeCCompiler.cmake'
removed directory 'build/CMakeFiles/3.16.3'
removed 'build/CMakeFiles/CMakeOutput.log'
removed 'build/CMakeFiles/cmake.check_cache'
removed 'build/CMakeFiles/Makefile2'
removed 'build/CMakeFiles/progress.marks'
removed directory 'build/CMakeFiles/CMakeTmp'
removed 'build/CMakeFiles/Tensor_host.dir/cmake_clean.cmake'
removed 'build/CMakeFiles/Tensor_host.dir/CXX.includecache'
removed 'build/CMakeFiles/Tensor_host.dir/link.txt'
removed 'build/CMakeFiles/Tensor_host.dir/Tensor_host.cpp.o'
removed 'build/CMakeFiles/Tensor_host.dir/flags.make'
removed 'build/CMakeFiles/Tensor_host.dir/build.make'
removed 'build/CMakeFiles/Tensor_host.dir/DependInfo.cmake'
removed 'build/CMakeFiles/Tensor_host.dir/depend.make'
removed 'build/CMakeFiles/Tensor_host.dir/progress.make'
removed 'build/CMakeFiles/Tensor_host.dir/depend.internal'
removed directory 'build/CMakeFiles/Tensor_host.dir'
removed 'build/CMakeFiles/TargetDirectories.txt'
removed 'build/CMakeFiles/FindOpenMP/OpenMPCheckVersion.cpp'
removed 'build/CMakeFiles/FindOpenMP/ompver_C.bin'
removed 'build/CMakeFiles/FindOpenMP/OpenMPTryFlag.cpp'
removed 'build/CMakeFiles/FindOpenMP/OpenMPTryFlag.c'
removed 'build/CMakeFiles/FindOpenMP/ompver_CXX.bin'
removed 'build/CMakeFiles/FindOpenMP/OpenMPCheckVersion.c'
removed directory 'build/CMakeFiles/FindOpenMP'
removed 'build/CMakeFiles/Makefile.cmake'
removed 'build/CMakeFiles/CMakeDirectoryInformation.cmake'
removed directory 'build/CMakeFiles'
removed 'build/Makefile'
removed 'build/Tensor_host'
removed 'build/cmake_install.cmake'
removed 'build/core'
removed 'build/warp_affine_f16_Tensor_HOST_PKD3_toPKD3_interpolationTypeBilinear.csv'
removed 'build/warp_affine_f16_Tensor_HOST_PKD3_toPLN3_interpolationTypeBilinear.csv'
removed 'build/warp_affine_f16_Tensor_HOST_PLN1_toPLN1_interpolationTypeBilinear.csv'
removed 'build/warp_affine_f16_Tensor_HOST_PLN3_toPKD3_interpolationTypeBilinear.csv'
removed 'build/warp_affine_f16_Tensor_HOST_PLN3_toPLN3_interpolationTypeBilinear.csv'
removed 'build/warp_affine_f32_Tensor_HOST_PKD3_toPKD3_interpolationTypeBilinear.csv'
removed 'build/warp_affine_f32_Tensor_HOST_PKD3_toPLN3_interpolationTypeBilinear.csv'
removed 'build/warp_affine_f32_Tensor_HOST_PLN1_toPLN1_interpolationTypeBilinear.csv'
removed 'build/warp_affine_f32_Tensor_HOST_PLN3_toPKD3_interpolationTypeBilinear.csv'
removed 'build/warp_affine_f32_Tensor_HOST_PLN3_toPLN3_interpolationTypeBilinear.csv'
removed 'build/warp_affine_i8_Tensor_HOST_PKD3_toPKD3_interpolationTypeBilinear.csv'
removed 'build/warp_affine_i8_Tensor_HOST_PKD3_toPLN3_interpolationTypeBilinear.csv'
removed 'build/warp_affine_i8_Tensor_HOST_PLN1_toPLN1_interpolationTypeBilinear.csv'
removed 'build/warp_affine_i8_Tensor_HOST_PLN3_toPKD3_interpolationTypeBilinear.csv'
removed 'build/warp_affine_i8_Tensor_HOST_PLN3_toPLN3_interpolationTypeBilinear.csv'
removed 'build/warp_affine_u8_Tensor_HOST_PKD3_toPKD3_interpolationTypeBilinear.csv'
removed 'build/warp_affine_u8_Tensor_HOST_PKD3_toPLN3_interpolationTypeBilinear.csv'
removed 'build/warp_affine_u8_Tensor_HOST_PLN1_toPLN1_interpolationTypeBilinear.csv'
removed 'build/warp_affine_u8_Tensor_HOST_PLN3_toPKD3_interpolationTypeBilinear.csv'
removed 'build/warp_affine_u8_Tensor_HOST_PLN3_toPLN3_interpolationTypeBilinear.csv'
-- The C compiler identification is GNU 9.4.0
-- The CXX compiler identification is GNU 9.4.0
-- Check for working C compiler: /usr/bin/cc
-- Check for working C compiler: /usr/bin/cc -- works
-- Detecting C compiler ABI info
-- Detecting C compiler ABI info - done
-- Detecting C compile features
-- Detecting C compile features - done
-- Check for working CXX compiler: /usr/bin/c++
-- Check for working CXX compiler: /usr/bin/c++ -- works
-- Detecting CXX compiler ABI info
-- Detecting CXX compiler ABI info - done
-- Detecting CXX compile features
-- Detecting CXX compile features - done
-- [37mUsing Turbo JPEG -- 
	Libraries:/lib/libturbojpeg.so 
	Includes:/usr/include[m
-- Found Boost: /usr/local/lib/cmake/Boost-1.72.0/BoostConfig.cmake (found version "1.72.0") found components: filesystem system 
-- Found OpenMP_C: -fopenmp (found version "4.5") 
-- Found OpenMP_CXX: -fopenmp (found version "4.5") 
-- Found OpenMP: TRUE (found version "4.5")  
-- [32mtest_suite/HOST set to build with rpp and TurboJpeg[m
-- [32mtest_suite/HOST set to build with rpp and OpenCV[m
-- Configuring done
-- Generating done
-- Build files have been written to: /media/rpp/utilities/test_suite/HOST/build
Scanning dependencies of target Tensor_host
[ 50%] Building CXX object CMakeFiles/Tensor_host.dir/Tensor_host.cpp.o
Traceback (most recent call last):
make[2]: *** [CMakeFiles/Tensor_host.dir/build.make:63: CMakeFiles/Tensor_host.dir/Tensor_host.cpp.o] Interrupt
  File "runTests.py", line 159, in <module>
    subprocess.call(["./testAllScript.sh", srcPath1, args.input_path2, str(testType), str(numIterations), str(qaMode), str(decoderType), str(preserveOutput), str(batchSize), " ".join(caseList)])  # nosec
  File "/usr/lib/python2.7/subprocess.py", line 172, in call
    return Popen(*popenargs, **kwargs).wait()
  File "/usr/lib/python2.7/subprocess.py", line 1099, in wait
make[1]: *** [CMakeFiles/Makefile2:76: CMakeFiles/Tensor_host.dir/all] Interrupt
    make: *** [Makefile:84: all] Interrupt
pid, sts = _eintr_retry_call(os.waitpid, self.pid, 0)
  File "/usr/lib/python2.7/subprocess.py", line 125, in _eintr_retry_call
    return func(*args)
KeyboardInterrupt
